<?xml version="1.0" encoding="UTF-8"?>
<testsuite name="Unit Tests - Price Domain Mapper" tests="6" skipped="0" failures="0" errors="0" timestamp="2026-01-21T15:08:22" hostname="MSI-GE72-7RE" time="0.012">
  <properties/>
  <testcase name="Should map all field values correctly" classname="com.testjava.priceservice.unit.infrastructure.mappers.PriceDomainMapperUnitTest" time="0.005"/>
  <testcase name="Should handle edge case values during mapping" classname="com.testjava.priceservice.unit.infrastructure.mappers.PriceDomainMapperUnitTest" time="0.001"/>
  <testcase name="Should maintain precision for BigDecimal values" classname="com.testjava.priceservice.unit.infrastructure.mappers.PriceDomainMapperUnitTest" time="0.001"/>
  <testcase name="Should map Price to PriceResult correctly" classname="com.testjava.priceservice.unit.infrastructure.mappers.PriceDomainMapperUnitTest" time="0.001"/>
  <testcase name="Should map multiple prices consistently" classname="com.testjava.priceservice.unit.infrastructure.mappers.PriceDomainMapperUnitTest" time="0.001"/>
  <testcase name="Should handle null input gracefully" classname="com.testjava.priceservice.unit.infrastructure.mappers.PriceDomainMapperUnitTest" time="0.002"/>
  <system-out><![CDATA[]]></system-out>
  <system-err><![CDATA[]]></system-err>
</testsuite>
