<?xml version="1.0" encoding="UTF-8"?>
<testsuite name="com.testjava.priceservice.application.usecase.FindPriceUseCaseTest" tests="3" skipped="0" failures="0" errors="0" timestamp="2026-01-21T15:08:20" hostname="MSI-GE72-7RE" time="1.154">
  <properties/>
  <testcase name="shouldCallPriceServiceWithCorrectParameters()" classname="com.testjava.priceservice.application.usecase.FindPriceUseCaseTest" time="1.127"/>
  <testcase name="shouldReturnEmptyWhenPriceServiceReturnsEmpty()" classname="com.testjava.priceservice.application.usecase.FindPriceUseCaseTest" time="0.011"/>
  <testcase name="shouldDelegateToPriceServiceAndReturnResult()" classname="com.testjava.priceservice.application.usecase.FindPriceUseCaseTest" time="0.008"/>
  <system-out><![CDATA[16:08:21.323 [Test worker] INFO com.testjava.priceservice.application.usecase.FindPriceUseCase -- Executing price lookup for productId=35455, brandId=1, date=2020-06-15T10:00
16:08:21.341 [Test worker] WARN com.testjava.priceservice.application.usecase.FindPriceUseCase -- Price lookup failed: no applicable price found for productId=35455, brandId=1
16:08:21.378 [Test worker] INFO com.testjava.priceservice.application.usecase.FindPriceUseCase -- Executing price lookup for productId=35455, brandId=1, date=2020-06-14T16:00
16:08:21.380 [Test worker] WARN com.testjava.priceservice.application.usecase.FindPriceUseCase -- Price lookup failed: no applicable price found for productId=35455, brandId=1
16:08:21.390 [Test worker] INFO com.testjava.priceservice.application.usecase.FindPriceUseCase -- Executing price lookup for productId=35455, brandId=1, date=2020-06-14T16:00
16:08:21.391 [Test worker] INFO com.testjava.priceservice.application.usecase.FindPriceUseCase -- Price lookup successful: found price=25.45 for priceList=2
]]></system-out>
  <system-err><![CDATA[]]></system-err>
</testsuite>
