<?xml version="1.0" encoding="UTF-8"?>
<testsuite name="Domain Tests - Price Query Validator" tests="14" skipped="0" failures="0" errors="0" timestamp="2026-01-21T15:08:21" hostname="MSI-GE72-7RE" time="0.126">
  <properties/>
  <testcase name="Should validate past dates successfully" classname="com.testjava.priceservice.domain.validator.PriceQueryValidatorTest" time="0.003"/>
  <testcase name="Should throw exception when product ID is null" classname="com.testjava.priceservice.domain.validator.PriceQueryValidatorTest" time="0.002"/>
  <testcase name="Should validate future dates successfully" classname="com.testjava.priceservice.domain.validator.PriceQueryValidatorTest" time="0.002"/>
  <testcase name="Should validate correct PriceQuery successfully" classname="com.testjava.priceservice.domain.validator.PriceQueryValidatorTest" time="0.002"/>
  <testcase name="Should validate edge case values successfully" classname="com.testjava.priceservice.domain.validator.PriceQueryValidatorTest" time="0.002"/>
  <testcase name="[1] invalidProductId=0" classname="com.testjava.priceservice.domain.validator.PriceQueryValidatorTest" time="0.012"/>
  <testcase name="[2] invalidProductId=-1" classname="com.testjava.priceservice.domain.validator.PriceQueryValidatorTest" time="0.0"/>
  <testcase name="[3] invalidProductId=-999" classname="com.testjava.priceservice.domain.validator.PriceQueryValidatorTest" time="0.001"/>
  <testcase name="Should throw exception when application date is null" classname="com.testjava.priceservice.domain.validator.PriceQueryValidatorTest" time="0.001"/>
  <testcase name="[1] invalidBrandId=0" classname="com.testjava.priceservice.domain.validator.PriceQueryValidatorTest" time="0.002"/>
  <testcase name="[2] invalidBrandId=-1" classname="com.testjava.priceservice.domain.validator.PriceQueryValidatorTest" time="0.002"/>
  <testcase name="[3] invalidBrandId=-999" classname="com.testjava.priceservice.domain.validator.PriceQueryValidatorTest" time="0.002"/>
  <testcase name="Should throw exception when brand ID is null" classname="com.testjava.priceservice.domain.validator.PriceQueryValidatorTest" time="0.002"/>
  <testcase name="Should throw exception when PriceQuery is null" classname="com.testjava.priceservice.domain.validator.PriceQueryValidatorTest" time="0.004"/>
  <system-out><![CDATA[]]></system-out>
  <system-err><![CDATA[]]></system-err>
</testsuite>
