<?xml version="1.0" encoding="UTF-8"?>
<testsuite name="com.testjava.priceservice.infrastructure.web.dto.PriceResponseTest" tests="3" skipped="0" failures="0" errors="0" timestamp="2026-01-21T15:08:21" hostname="MSI-GE72-7RE" time="0.278">
  <properties/>
  <testcase name="shouldCreatePriceResponseWithAllFields()" classname="com.testjava.priceservice.infrastructure.web.dto.PriceResponseTest" time="0.208"/>
  <testcase name="shouldAllowSettingAllFields()" classname="com.testjava.priceservice.infrastructure.web.dto.PriceResponseTest" time="0.0"/>
  <testcase name="shouldSerializeToJsonCorrectly()" classname="com.testjava.priceservice.infrastructure.web.dto.PriceResponseTest" time="0.068"/>
  <system-out><![CDATA[]]></system-out>
  <system-err><![CDATA[]]></system-err>
</testsuite>
