<?xml version="1.0" encoding="UTF-8"?>
<testsuite name="com.testjava.priceservice.domain.model.PriceTest" tests="6" skipped="0" failures="0" errors="0" timestamp="2026-01-21T15:08:21" hostname="MSI-GE72-7RE" time="0.015">
  <properties/>
  <testcase name="shouldReturnTrueWhenDateEqualsEndDate()" classname="com.testjava.priceservice.domain.model.PriceTest" time="0.002"/>
  <testcase name="shouldCreatePriceWithValidParameters()" classname="com.testjava.priceservice.domain.model.PriceTest" time="0.001"/>
  <testcase name="shouldReturnFalseWhenDateIsBeforeStartDate()" classname="com.testjava.priceservice.domain.model.PriceTest" time="0.002"/>
  <testcase name="shouldReturnTrueWhenDateEqualsStartDate()" classname="com.testjava.priceservice.domain.model.PriceTest" time="0.002"/>
  <testcase name="shouldReturnTrueWhenDateIsWithinRange()" classname="com.testjava.priceservice.domain.model.PriceTest" time="0.001"/>
  <testcase name="shouldReturnFalseWhenDateIsAfterEndDate()" classname="com.testjava.priceservice.domain.model.PriceTest" time="0.001"/>
  <system-out><![CDATA[]]></system-out>
  <system-err><![CDATA[]]></system-err>
</testsuite>
