<?xml version="1.0" encoding="UTF-8"?>
<testsuite name="Domain Exception Tests - Price Not Found Exception" tests="4" skipped="0" failures="0" errors="0" timestamp="2026-01-21T15:08:21" hostname="MSI-GE72-7RE" time="0.009">
  <properties/>
  <testcase name="Should create exception with all parameters" classname="com.testjava.priceservice.domain.exception.PriceNotFoundExceptionTest" time="0.003"/>
  <testcase name="Should create exception with cause" classname="com.testjava.priceservice.domain.exception.PriceNotFoundExceptionTest" time="0.002"/>
  <testcase name="Should handle null parameters gracefully" classname="com.testjava.priceservice.domain.exception.PriceNotFoundExceptionTest" time="0.001"/>
  <testcase name="Should inherit from PriceServiceException" classname="com.testjava.priceservice.domain.exception.PriceNotFoundExceptionTest" time="0.001"/>
  <system-out><![CDATA[]]></system-out>
  <system-err><![CDATA[]]></system-err>
</testsuite>
