<?xml version="1.0" encoding="UTF-8"?>
<testsuite name="Unit Tests - Price Response Mapper" tests="5" skipped="0" failures="0" errors="0" timestamp="2026-01-21T15:08:22" hostname="MSI-GE72-7RE" time="0.007">
  <properties/>
  <testcase name="Should preserve all field values during mapping" classname="com.testjava.priceservice.unit.infrastructure.mappers.PriceResponseMapperUnitTest" time="0.001"/>
  <testcase name="Should map PriceResult to PriceResponse correctly" classname="com.testjava.priceservice.unit.infrastructure.mappers.PriceResponseMapperUnitTest" time="0.001"/>
  <testcase name="Should handle null input gracefully" classname="com.testjava.priceservice.unit.infrastructure.mappers.PriceResponseMapperUnitTest" time="0.002"/>
  <testcase name="Should maintain precision for decimal values" classname="com.testjava.priceservice.unit.infrastructure.mappers.PriceResponseMapperUnitTest" time="0.001"/>
  <testcase name="Should handle edge case values correctly" classname="com.testjava.priceservice.unit.infrastructure.mappers.PriceResponseMapperUnitTest" time="0.0"/>
  <system-out><![CDATA[]]></system-out>
  <system-err><![CDATA[]]></system-err>
</testsuite>
