<?xml version="1.0" encoding="UTF-8"?>
<testsuite name="Domain Exception Tests - Price Service Exception" tests="8" skipped="0" failures="0" errors="0" timestamp="2026-01-21T15:08:21" hostname="MSI-GE72-7RE" time="0.022">
  <properties/>
  <testcase name="Should preserve stack trace information" classname="com.testjava.priceservice.domain.exception.PriceServiceExceptionTest" time="0.01"/>
  <testcase name="Should create exception with message and cause" classname="com.testjava.priceservice.domain.exception.PriceServiceExceptionTest" time="0.001"/>
  <testcase name="Should inherit from RuntimeException" classname="com.testjava.priceservice.domain.exception.PriceServiceExceptionTest" time="0.001"/>
  <testcase name="Should create exception with message" classname="com.testjava.priceservice.domain.exception.PriceServiceExceptionTest" time="0.0"/>
  <testcase name="Should handle complex nested exceptions" classname="com.testjava.priceservice.domain.exception.PriceServiceExceptionTest" time="0.001"/>
  <testcase name="Should handle null message gracefully" classname="com.testjava.priceservice.domain.exception.PriceServiceExceptionTest" time="0.001"/>
  <testcase name="Should handle null message and cause gracefully" classname="com.testjava.priceservice.domain.exception.PriceServiceExceptionTest" time="0.001"/>
  <testcase name="Should create exception with cause only" classname="com.testjava.priceservice.domain.exception.PriceServiceExceptionTest" time="0.0"/>
  <system-out><![CDATA[]]></system-out>
  <system-err><![CDATA[]]></system-err>
</testsuite>
