<?xml version="1.0" encoding="UTF-8"?>
<testsuite name="com.testjava.priceservice.infrastructure.persistence.entity.PriceEntityTest" tests="3" skipped="0" failures="0" errors="0" timestamp="2026-01-21T15:08:21" hostname="MSI-GE72-7RE" time="0.003">
  <properties/>
  <testcase name="shouldCreatePriceEntityWithAllFields()" classname="com.testjava.priceservice.infrastructure.persistence.entity.PriceEntityTest" time="0.001"/>
  <testcase name="shouldAllowSettingAllFields()" classname="com.testjava.priceservice.infrastructure.persistence.entity.PriceEntityTest" time="0.001"/>
  <testcase name="shouldAllowSettingId()" classname="com.testjava.priceservice.infrastructure.persistence.entity.PriceEntityTest" time="0.0"/>
  <system-out><![CDATA[]]></system-out>
  <system-err><![CDATA[]]></system-err>
</testsuite>
